<?xml version="1.0" encoding="UTF-8"?>
<!-- Generated by org.testng.reporters.JUnitReportReporter -->
<testsuite hostname="Neeta-Toronto" failures="0" tests="1" name="testLayer.TestLayer_login" time="13.780" errors="0" timestamp="2023-09-09T01:20:50 EDT" skipped="0">
  <testcase classname="testLayer.TestLayer_login" name="verify" time="13.780"/>
  <system-out/>
</testsuite> <!-- testLayer.TestLayer_login -->
